<?xml version="1.0" encoding="utf-8"?>
<test-run id="2" testcasecount="17" result="Failed(Child)" total="17" passed="14" failed="3" inconclusive="0" skipped="0" asserts="0" engine-version="3.5.0.0" clr-version="4.0.30319.42000" start-time="2026-06-02 14:15:43Z" end-time="2026-06-02 14:15:43Z" duration="0.5942585">
  <test-suite type="TestSuite" id="1000" name="Hollow Soul" fullname="Hollow Soul" runstate="Runnable" testcasecount="973" result="Failed" site="Child" start-time="2026-06-02 14:15:43Z" end-time="2026-06-02 14:15:43Z" duration="0.594259" total="17" passed="14" failed="3" inconclusive="0" skipped="0" asserts="0">
    <properties>
      <property name="platform" value="EditMode" />
    </properties>
    <failure>
      <message><![CDATA[One or more child tests had errors]]></message>
    </failure>
    <test-suite type="Assembly" id="2125" name="Hollow.Tests.EditMode.dll" fullname="/Users/martinjedrzejewski/Documents/GitHub/Unity/Hollow Soul - Unity/Library/ScriptAssemblies/Hollow.Tests.EditMode.dll" runstate="Runnable" testcasecount="972" result="Failed" site="Child" start-time="2026-06-02 14:15:43Z" end-time="2026-06-02 14:15:43Z" duration="0.589181" total="17" passed="14" failed="3" inconclusive="0" skipped="0" asserts="0">
      <properties>
        <property name="_PID" value="6279" />
        <property name="_APPDOMAIN" value="Unity Child Domain" />
        <property name="platform" value="EditMode" />
        <property name="EditorOnly" value="True" />
      </properties>
      <failure>
        <message><![CDATA[One or more child tests had errors]]></message>
      </failure>
      <test-suite type="TestSuite" id="2126" name="Hollow" fullname="Hollow" runstate="Runnable" testcasecount="972" result="Failed" site="Child" start-time="2026-06-02 14:15:43Z" end-time="2026-06-02 14:15:43Z" duration="0.588286" total="17" passed="14" failed="3" inconclusive="0" skipped="0" asserts="0">
        <properties />
        <failure>
          <message><![CDATA[One or more child tests had errors]]></message>
        </failure>
        <test-suite type="TestSuite" id="2127" name="Tests" fullname="Hollow.Tests" runstate="Runnable" testcasecount="972" result="Failed" site="Child" start-time="2026-06-02 14:15:43Z" end-time="2026-06-02 14:15:43Z" duration="0.587769" total="17" passed="14" failed="3" inconclusive="0" skipped="0" asserts="0">
          <properties />
          <failure>
            <message><![CDATA[One or more child tests had errors]]></message>
          </failure>
          <test-suite type="TestSuite" id="2128" name="EditMode" fullname="Hollow.Tests.EditMode" runstate="Runnable" testcasecount="972" result="Failed" site="Child" start-time="2026-06-02 14:15:43Z" end-time="2026-06-02 14:15:43Z" duration="0.587194" total="17" passed="14" failed="3" inconclusive="0" skipped="0" asserts="0">
            <properties />
            <failure>
              <message><![CDATA[One or more child tests had errors]]></message>
            </failure>
            <test-suite type="TestFixture" id="1084" name="ManualAimInputReaderTests" fullname="Hollow.Tests.EditMode.ManualAimInputReaderTests" classname="Hollow.Tests.EditMode.ManualAimInputReaderTests" runstate="Runnable" testcasecount="3" result="Passed" start-time="2026-06-02 14:15:43Z" end-time="2026-06-02 14:15:43Z" duration="0.043557" total="3" passed="3" failed="0" inconclusive="0" skipped="0" asserts="0">
              <properties />
              <test-case id="1087" name="GamepadRightShoulderAndRightStickProduceAttackAndAimSnapshot" fullname="Hollow.Tests.EditMode.ManualAimInputReaderTests.GamepadRightShoulderAndRightStickProduceAttackAndAimSnapshot" methodname="GamepadRightShoulderAndRightStickProduceAttackAndAimSnapshot" classname="Hollow.Tests.EditMode.ManualAimInputReaderTests" runstate="Runnable" seed="566940285" result="Passed" start-time="2026-06-02 14:15:43Z" end-time="2026-06-02 14:15:43Z" duration="0.028973" asserts="0">
                <properties>
                  <property name="retryIteration" value="0" />
                  <property name="repeatIteration" value="0" />
                </properties>
              </test-case>
              <test-case id="1085" name="KeyboardLightAttackProducesSnapshotPress" fullname="Hollow.Tests.EditMode.ManualAimInputReaderTests.KeyboardLightAttackProducesSnapshotPress" methodname="KeyboardLightAttackProducesSnapshotPress" classname="Hollow.Tests.EditMode.ManualAimInputReaderTests" runstate="Runnable" seed="574028769" result="Passed" start-time="2026-06-02 14:15:43Z" end-time="2026-06-02 14:15:43Z" duration="0.002643" asserts="0">
                <properties>
                  <property name="retryIteration" value="0" />
                  <property name="repeatIteration" value="0" />
                </properties>
              </test-case>
              <test-case id="1086" name="MouseLightAttackPreservesPointerAndAimIntent" fullname="Hollow.Tests.EditMode.ManualAimInputReaderTests.MouseLightAttackPreservesPointerAndAimIntent" methodname="MouseLightAttackPreservesPointerAndAimIntent" classname="Hollow.Tests.EditMode.ManualAimInputReaderTests" runstate="Runnable" seed="86627772" result="Passed" start-time="2026-06-02 14:15:43Z" end-time="2026-06-02 14:15:43Z" duration="0.003501" asserts="0">
                <properties>
                  <property name="retryIteration" value="0" />
                  <property name="repeatIteration" value="0" />
                </properties>
              </test-case>
            </test-suite>
            <test-suite type="TestFixture" id="1088" name="ManualAimProjectileDirectionTests" fullname="Hollow.Tests.EditMode.ManualAimProjectileDirectionTests" classname="Hollow.Tests.EditMode.ManualAimProjectileDirectionTests" runstate="Runnable" testcasecount="7" result="Failed" site="Child" start-time="2026-06-02 14:15:43Z" end-time="2026-06-02 14:15:43Z" duration="0.116048" total="7" passed="6" failed="1" inconclusive="0" skipped="0" asserts="0">
              <properties />
              <failure>
                <message><![CDATA[One or more child tests had errors]]></message>
              </failure>
              <test-case id="1093" name="BodyFacingShotFiresAlongResolvedFacingDirection" fullname="Hollow.Tests.EditMode.ManualAimProjectileDirectionTests.BodyFacingShotFiresAlongResolvedFacingDirection" methodname="BodyFacingShotFiresAlongResolvedFacingDirection" classname="Hollow.Tests.EditMode.ManualAimProjectileDirectionTests" runstate="Runnable" seed="492384707" result="Passed" start-time="2026-06-02 14:15:43Z" end-time="2026-06-02 14:15:43Z" duration="0.104131" asserts="0">
                <properties>
                  <property name="retryIteration" value="0" />
                  <property name="repeatIteration" value="0" />
                </properties>
              </test-case>
              <test-case id="1096" name="DrawAndReleaseKeepsReleaseDirectionThroughWindup" fullname="Hollow.Tests.EditMode.ManualAimProjectileDirectionTests.DrawAndReleaseKeepsReleaseDirectionThroughWindup" methodname="DrawAndReleaseKeepsReleaseDirectionThroughWindup" classname="Hollow.Tests.EditMode.ManualAimProjectileDirectionTests" runstate="Runnable" seed="1326138921" result="Passed" start-time="2026-06-02 14:15:43Z" end-time="2026-06-02 14:15:43Z" duration="0.003279" asserts="0">
                <properties>
                  <property name="retryIteration" value="0" />
                  <property name="repeatIteration" value="0" />
                </properties>
              </test-case>
              <test-case id="1094" name="ManualStickShotFiresAlongRequestedDirection" fullname="Hollow.Tests.EditMode.ManualAimProjectileDirectionTests.ManualStickShotFiresAlongRequestedDirection" methodname="ManualStickShotFiresAlongRequestedDirection" classname="Hollow.Tests.EditMode.ManualAimProjectileDirectionTests" runstate="Runnable" seed="406568482" result="Passed" start-time="2026-06-02 14:15:43Z" end-time="2026-06-02 14:15:43Z" duration="0.000389" asserts="0">
                <properties>
                  <property name="retryIteration" value="0" />
                  <property name="repeatIteration" value="0" />
                </properties>
              </test-case>
              <test-suite type="ParameterizedMethod" id="1092" name="MouseAimProjectionUsesSharedGameplayProjectionForTransformedRoots" fullname="Hollow.Tests.EditMode.ManualAimProjectileDirectionTests.MouseAimProjectionUsesSharedGameplayProjectionForTransformedRoots" classname="Hollow.Tests.EditMode.ManualAimProjectileDirectionTests" runstate="Runnable" testcasecount="3" result="Failed" site="Child" start-time="2026-06-02 14:15:43Z" end-time="2026-06-02 14:15:43Z" duration="0.005473" total="3" passed="2" failed="1" inconclusive="0" skipped="0" asserts="0">
                <properties />
                <failure>
                  <message><![CDATA[One or more child tests had errors]]></message>
                </failure>
                <test-case id="1089" name="MouseAimProjectionUsesSharedGameplayProjectionForTransformedRoots(0.0f,1.0f)" fullname="Hollow.Tests.EditMode.ManualAimProjectileDirectionTests.MouseAimProjectionUsesSharedGameplayProjectionForTransformedRoots(0.0f,1.0f)" methodname="MouseAimProjectionUsesSharedGameplayProjectionForTransformedRoots" classname="Hollow.Tests.EditMode.ManualAimProjectileDirectionTests" runstate="Runnable" seed="1505345079" result="Passed" start-time="2026-06-02 14:15:43Z" end-time="2026-06-02 14:15:43Z" duration="0.002905" asserts="0">
                  <properties>
                    <property name="retryIteration" value="0" />
                    <property name="repeatIteration" value="0" />
                  </properties>
                </test-case>
                <test-case id="1090" name="MouseAimProjectionUsesSharedGameplayProjectionForTransformedRoots(45.0f,1.0f)" fullname="Hollow.Tests.EditMode.ManualAimProjectileDirectionTests.MouseAimProjectionUsesSharedGameplayProjectionForTransformedRoots(45.0f,1.0f)" methodname="MouseAimProjectionUsesSharedGameplayProjectionForTransformedRoots" classname="Hollow.Tests.EditMode.ManualAimProjectileDirectionTests" runstate="Runnable" seed="1675512522" result="Passed" start-time="2026-06-02 14:15:43Z" end-time="2026-06-02 14:15:43Z" duration="0.000141" asserts="0">
                  <properties>
                    <property name="retryIteration" value="0" />
                    <property name="repeatIteration" value="0" />
                  </properties>
                </test-case>
                <test-case id="1091" name="MouseAimProjectionUsesSharedGameplayProjectionForTransformedRoots(90.0f,0.5f)" fullname="Hollow.Tests.EditMode.ManualAimProjectileDirectionTests.MouseAimProjectionUsesSharedGameplayProjectionForTransformedRoots(90.0f,0.5f)" methodname="MouseAimProjectionUsesSharedGameplayProjectionForTransformedRoots" classname="Hollow.Tests.EditMode.ManualAimProjectileDirectionTests" runstate="Runnable" seed="70931959" result="Failed" start-time="2026-06-02 14:15:43Z" end-time="2026-06-02 14:15:43Z" duration="0.001526" asserts="0">
                  <properties>
                    <property name="retryIteration" value="0" />
                    <property name="repeatIteration" value="0" />
                  </properties>
                  <failure>
                    <message><![CDATA[  Expected: 0.55470019578933716d +/- 0.0010000000474974513d
  But was:  -0.93198221921920776d
]]></message>
                    <stack-trace><![CDATA[at Hollow.Tests.EditMode.ManualAimProjectileDirectionTests.MouseAimProjectionUsesSharedGameplayProjectionForTransformedRoots (System.Single rootYawDegrees, System.Single rootScale) [0x00173] in /Users/martinjedrzejewski/Documents/GitHub/Unity/Hollow Soul - Unity/Assets/_Hollow/Tests/EditMode/ManualAimProjectileDirectionTests.cs:49
]]></stack-trace>
                  </failure>
                </test-case>
              </test-suite>
              <test-case id="1095" name="TripleShotPreservesSpreadAroundManualBaseDirection" fullname="Hollow.Tests.EditMode.ManualAimProjectileDirectionTests.TripleShotPreservesSpreadAroundManualBaseDirection" methodname="TripleShotPreservesSpreadAroundManualBaseDirection" classname="Hollow.Tests.EditMode.ManualAimProjectileDirectionTests" runstate="Runnable" seed="702513569" result="Passed" start-time="2026-06-02 14:15:43Z" end-time="2026-06-02 14:15:43Z" duration="0.001571" asserts="0">
                <properties>
                  <property name="retryIteration" value="0" />
                  <property name="repeatIteration" value="0" />
                </properties>
              </test-case>
            </test-suite>
            <test-suite type="TestFixture" id="1097" name="ManualAimProjectileStabilityTests" fullname="Hollow.Tests.EditMode.ManualAimProjectileStabilityTests" classname="Hollow.Tests.EditMode.ManualAimProjectileStabilityTests" runstate="Runnable" testcasecount="2" result="Passed" start-time="2026-06-02 14:15:43Z" end-time="2026-06-02 14:15:43Z" duration="0.002670" total="2" passed="2" failed="0" inconclusive="0" skipped="0" asserts="0">
              <properties />
              <test-case id="1098" name="ProjectileTravelEqualsConfiguredSpeedAcrossFixedDeltas" fullname="Hollow.Tests.EditMode.ManualAimProjectileStabilityTests.ProjectileTravelEqualsConfiguredSpeedAcrossFixedDeltas" methodname="ProjectileTravelEqualsConfiguredSpeedAcrossFixedDeltas" classname="Hollow.Tests.EditMode.ManualAimProjectileStabilityTests" runstate="Runnable" seed="1708362649" result="Passed" start-time="2026-06-02 14:15:43Z" end-time="2026-06-02 14:15:43Z" duration="0.001581" asserts="0">
                <properties>
                  <property name="retryIteration" value="0" />
                  <property name="repeatIteration" value="0" />
                </properties>
              </test-case>
              <test-case id="1099" name="ProjectileTravelEqualsConfiguredSpeedAcrossVariableDeltas" fullname="Hollow.Tests.EditMode.ManualAimProjectileStabilityTests.ProjectileTravelEqualsConfiguredSpeedAcrossVariableDeltas" methodname="ProjectileTravelEqualsConfiguredSpeedAcrossVariableDeltas" classname="Hollow.Tests.EditMode.ManualAimProjectileStabilityTests" runstate="Runnable" seed="573648383" result="Passed" start-time="2026-06-02 14:15:43Z" end-time="2026-06-02 14:15:43Z" duration="0.000269" asserts="0">
                <properties>
                  <property name="retryIteration" value="0" />
                  <property name="repeatIteration" value="0" />
                </properties>
              </test-case>
            </test-suite>
            <test-suite type="TestFixture" id="1100" name="ManualAimProjectionTests" fullname="Hollow.Tests.EditMode.ManualAimProjectionTests" classname="Hollow.Tests.EditMode.ManualAimProjectionTests" runstate="Runnable" testcasecount="4" result="Failed" site="Child" start-time="2026-06-02 14:15:43Z" end-time="2026-06-02 14:15:43Z" duration="0.010739" total="4" passed="2" failed="2" inconclusive="0" skipped="0" asserts="0">
              <properties />
              <failure>
                <message><![CDATA[One or more child tests had errors]]></message>
              </failure>
              <test-case id="1104" name="NoCameraFallbackKeepsRawScreenVector" fullname="Hollow.Tests.EditMode.ManualAimProjectionTests.NoCameraFallbackKeepsRawScreenVector" methodname="NoCameraFallbackKeepsRawScreenVector" classname="Hollow.Tests.EditMode.ManualAimProjectionTests" runstate="Runnable" seed="1465657461" result="Passed" start-time="2026-06-02 14:15:43Z" end-time="2026-06-02 14:15:43Z" duration="0.001710" asserts="0">
                <properties>
                  <property name="retryIteration" value="0" />
                  <property name="repeatIteration" value="0" />
                </properties>
              </test-case>
              <test-case id="1103" name="StraightDownCameraScreenUpProjectsToWorldForward" fullname="Hollow.Tests.EditMode.ManualAimProjectionTests.StraightDownCameraScreenUpProjectsToWorldForward" methodname="StraightDownCameraScreenUpProjectsToWorldForward" classname="Hollow.Tests.EditMode.ManualAimProjectionTests" runstate="Runnable" seed="1769367576" result="Passed" start-time="2026-06-02 14:15:43Z" end-time="2026-06-02 14:15:43Z" duration="0.002770" asserts="0">
                <properties>
                  <property name="retryIteration" value="0" />
                  <property name="repeatIteration" value="0" />
                </properties>
              </test-case>
              <test-case id="1102" name="VisionOSBoundedYawAndScaleProjectsIntoGameplayRoot" fullname="Hollow.Tests.EditMode.ManualAimProjectionTests.VisionOSBoundedYawAndScaleProjectsIntoGameplayRoot" methodname="VisionOSBoundedYawAndScaleProjectsIntoGameplayRoot" classname="Hollow.Tests.EditMode.ManualAimProjectionTests" runstate="Runnable" seed="730326702" result="Failed" start-time="2026-06-02 14:15:43Z" end-time="2026-06-02 14:15:43Z" duration="0.002990" asserts="0">
                <properties>
                  <property name="retryIteration" value="0" />
                  <property name="repeatIteration" value="0" />
                </properties>
                <failure>
                  <message><![CDATA[  Expected: -0.7071068286895752d +/- 0.0010000000474974513d
  But was:  2.9802322387695313E-08d
]]></message>
                  <stack-trace><![CDATA[at Hollow.Tests.EditMode.ManualAimProjectionTests.AssertProjected (UnityEngine.Vector2 expected, UnityEngine.Vector2 actual) [0x00000] in /Users/martinjedrzejewski/Documents/GitHub/Unity/Hollow Soul - Unity/Assets/_Hollow/Tests/EditMode/ManualAimProjectionTests.cs:147
at Hollow.Tests.EditMode.ManualAimProjectionTests.VisionOSBoundedYawAndScaleProjectsIntoGameplayRoot () [0x000c9] in /Users/martinjedrzejewski/Documents/GitHub/Unity/Hollow Soul - Unity/Assets/_Hollow/Tests/EditMode/ManualAimProjectionTests.cs:64
]]></stack-trace>
                </failure>
              </test-case>
              <test-case id="1101" name="WindowsProfileCameraYawPitchUsesCameraUpForScreenY" fullname="Hollow.Tests.EditMode.ManualAimProjectionTests.WindowsProfileCameraYawPitchUsesCameraUpForScreenY" methodname="WindowsProfileCameraYawPitchUsesCameraUpForScreenY" classname="Hollow.Tests.EditMode.ManualAimProjectionTests" runstate="Runnable" seed="2122976944" result="Failed" start-time="2026-06-02 14:15:43Z" end-time="2026-06-02 14:15:43Z" duration="0.002269" asserts="0">
                <properties>
                  <property name="retryIteration" value="0" />
                  <property name="repeatIteration" value="0" />
                </properties>
                <failure>
                  <message><![CDATA[  Expected: 0.7071068286895752d +/- 0.0010000000474974513d
  But was:  0.0d
]]></message>
                  <stack-trace><![CDATA[at Hollow.Tests.EditMode.ManualAimProjectionTests.AssertProjected (UnityEngine.Vector2 expected, UnityEngine.Vector2 actual) [0x00000] in /Users/martinjedrzejewski/Documents/GitHub/Unity/Hollow Soul - Unity/Assets/_Hollow/Tests/EditMode/ManualAimProjectionTests.cs:147
at Hollow.Tests.EditMode.ManualAimProjectionTests.WindowsProfileCameraYawPitchUsesCameraUpForScreenY () [0x00090] in /Users/martinjedrzejewski/Documents/GitHub/Unity/Hollow Soul - Unity/Assets/_Hollow/Tests/EditMode/ManualAimProjectionTests.cs:39
]]></stack-trace>
                </failure>
              </test-case>
            </test-suite>
            <test-suite type="TestFixture" id="1180" name="Milestone111PlayerAimLockTests" fullname="Hollow.Tests.EditMode.Milestone111PlayerAimLockTests" classname="Hollow.Tests.EditMode.Milestone111PlayerAimLockTests" runstate="Runnable" testcasecount="20" result="Passed" start-time="2026-06-02 14:15:43Z" end-time="2026-06-02 14:15:43Z" duration="0.404935" total="1" passed="1" failed="0" inconclusive="0" skipped="0" asserts="0">
              <properties />
              <test-case id="1198" name="GuardFacingUsesManualAimMouseAimAndBodyFacing" fullname="Hollow.Tests.EditMode.Milestone111PlayerAimLockTests.GuardFacingUsesManualAimMouseAimAndBodyFacing" methodname="GuardFacingUsesManualAimMouseAimAndBodyFacing" classname="Hollow.Tests.EditMode.Milestone111PlayerAimLockTests" runstate="Runnable" seed="344136190" result="Passed" start-time="2026-06-02 14:15:43Z" end-time="2026-06-02 14:15:43Z" duration="0.403573" asserts="0">
                <properties>
                  <property name="retryIteration" value="0" />
                  <property name="repeatIteration" value="0" />
                </properties>
                <output><![CDATA[Saving results to: /Users/martinjedrzejewski/Library/Application Support/CineFit Studio/Hollow Soul/TestResults.xml
]]></output>
              </test-case>
            </test-suite>
          </test-suite>
        </test-suite>
      </test-suite>
    </test-suite>
  </test-suite>
</test-run>