<?xml version="1.0" encoding="utf-8"?>
<test-run id="2" testcasecount="9" result="Passed" total="9" passed="9" failed="0" inconclusive="0" skipped="0" asserts="0" engine-version="3.5.0.0" clr-version="4.0.30319.42000" start-time="2026-05-22 07:05:48Z" end-time="2026-05-22 07:05:48Z" duration="0.0913246">
  <test-suite type="TestSuite" id="1000" name="Hollow Soul" fullname="Hollow Soul" runstate="Runnable" testcasecount="735" result="Passed" start-time="2026-05-22 07:05:48Z" end-time="2026-05-22 07:05:48Z" duration="0.091325" total="9" passed="9" failed="0" inconclusive="0" skipped="0" asserts="0">
    <properties>
      <property name="platform" value="EditMode" />
    </properties>
    <test-suite type="Assembly" id="1854" name="Hollow.Tests.EditMode.dll" fullname="/Users/martinjedrzejewski/Documents/GitHub/Unity/Hollow Soul - Unity/Library/ScriptAssemblies/Hollow.Tests.EditMode.dll" runstate="Runnable" testcasecount="734" result="Passed" start-time="2026-05-22 07:05:48Z" end-time="2026-05-22 07:05:48Z" duration="0.083798" total="9" passed="9" failed="0" inconclusive="0" skipped="0" asserts="0">
      <properties>
        <property name="_PID" value="33669" />
        <property name="_APPDOMAIN" value="Unity Child Domain" />
        <property name="platform" value="EditMode" />
        <property name="EditorOnly" value="True" />
      </properties>
      <test-suite type="TestSuite" id="1855" name="Hollow" fullname="Hollow" runstate="Runnable" testcasecount="734" result="Passed" start-time="2026-05-22 07:05:48Z" end-time="2026-05-22 07:05:48Z" duration="0.080146" total="9" passed="9" failed="0" inconclusive="0" skipped="0" asserts="0">
        <properties />
        <test-suite type="TestSuite" id="1856" name="Tests" fullname="Hollow.Tests" runstate="Runnable" testcasecount="734" result="Passed" start-time="2026-05-22 07:05:48Z" end-time="2026-05-22 07:05:48Z" duration="0.076058" total="9" passed="9" failed="0" inconclusive="0" skipped="0" asserts="0">
          <properties />
          <test-suite type="TestSuite" id="1857" name="EditMode" fullname="Hollow.Tests.EditMode" runstate="Runnable" testcasecount="734" result="Passed" start-time="2026-05-22 07:05:48Z" end-time="2026-05-22 07:05:48Z" duration="0.072617" total="9" passed="9" failed="0" inconclusive="0" skipped="0" asserts="0">
            <properties />
            <test-suite type="TestFixture" id="1410" name="Milestone42PlayerBuildUxTests" fullname="Hollow.Tests.EditMode.Milestone42PlayerBuildUxTests" classname="Hollow.Tests.EditMode.Milestone42PlayerBuildUxTests" runstate="Runnable" testcasecount="9" result="Passed" start-time="2026-05-22 07:05:48Z" end-time="2026-05-22 07:05:48Z" duration="0.061506" total="9" passed="9" failed="0" inconclusive="0" skipped="0" asserts="0">
              <properties />
              <test-case id="1419" name="PickupRevealModelIncludesReplacementLine" fullname="Hollow.Tests.EditMode.Milestone42PlayerBuildUxTests.PickupRevealModelIncludesReplacementLine" methodname="PickupRevealModelIncludesReplacementLine" classname="Hollow.Tests.EditMode.Milestone42PlayerBuildUxTests" runstate="Runnable" seed="1792180681" result="Passed" start-time="2026-05-22 07:05:48Z" end-time="2026-05-22 07:05:48Z" duration="0.006106" asserts="0">
                <properties>
                  <property name="retryIteration" value="0" />
                  <property name="repeatIteration" value="0" />
                </properties>
              </test-case>
              <test-case id="1413" name="PlayerBuildHudCurrencyAmountsRefreshFromRunModel" fullname="Hollow.Tests.EditMode.Milestone42PlayerBuildUxTests.PlayerBuildHudCurrencyAmountsRefreshFromRunModel" methodname="PlayerBuildHudCurrencyAmountsRefreshFromRunModel" classname="Hollow.Tests.EditMode.Milestone42PlayerBuildUxTests" runstate="Runnable" seed="117906240" result="Passed" start-time="2026-05-22 07:05:48Z" end-time="2026-05-22 07:05:48Z" duration="0.030245" asserts="0">
                <properties>
                  <property name="retryIteration" value="0" />
                  <property name="repeatIteration" value="0" />
                </properties>
              </test-case>
              <test-case id="1411" name="PlayerBuildHudModelShowsCoreBuildLines" fullname="Hollow.Tests.EditMode.Milestone42PlayerBuildUxTests.PlayerBuildHudModelShowsCoreBuildLines" methodname="PlayerBuildHudModelShowsCoreBuildLines" classname="Hollow.Tests.EditMode.Milestone42PlayerBuildUxTests" runstate="Runnable" seed="1610298526" result="Passed" start-time="2026-05-22 07:05:48Z" end-time="2026-05-22 07:05:48Z" duration="0.000276" asserts="0">
                <properties>
                  <property name="retryIteration" value="0" />
                  <property name="repeatIteration" value="0" />
                </properties>
              </test-case>
              <test-case id="1412" name="PlayerBuildHudRendersAvatarAndHeartContainers" fullname="Hollow.Tests.EditMode.Milestone42PlayerBuildUxTests.PlayerBuildHudRendersAvatarAndHeartContainers" methodname="PlayerBuildHudRendersAvatarAndHeartContainers" classname="Hollow.Tests.EditMode.Milestone42PlayerBuildUxTests" runstate="Runnable" seed="1300546953" result="Passed" start-time="2026-05-22 07:05:48Z" end-time="2026-05-22 07:05:48Z" duration="0.005797" asserts="0">
                <properties>
                  <property name="retryIteration" value="0" />
                  <property name="repeatIteration" value="0" />
                </properties>
              </test-case>
              <test-case id="1414" name="PlayerBuildHudStaminaFillClampsToCurrentStaminaRatio" fullname="Hollow.Tests.EditMode.Milestone42PlayerBuildUxTests.PlayerBuildHudStaminaFillClampsToCurrentStaminaRatio" methodname="PlayerBuildHudStaminaFillClampsToCurrentStaminaRatio" classname="Hollow.Tests.EditMode.Milestone42PlayerBuildUxTests" runstate="Runnable" seed="662773686" result="Passed" start-time="2026-05-22 07:05:48Z" end-time="2026-05-22 07:05:48Z" duration="0.002476" asserts="0">
                <properties>
                  <property name="retryIteration" value="0" />
                  <property name="repeatIteration" value="0" />
                </properties>
              </test-case>
              <test-case id="1416" name="PlayerBuildHudStatCalculatorUsesWeaponBasesBuildBonusesAndProjectileFireRate" fullname="Hollow.Tests.EditMode.Milestone42PlayerBuildUxTests.PlayerBuildHudStatCalculatorUsesWeaponBasesBuildBonusesAndProjectileFireRate" methodname="PlayerBuildHudStatCalculatorUsesWeaponBasesBuildBonusesAndProjectileFireRate" classname="Hollow.Tests.EditMode.Milestone42PlayerBuildUxTests" runstate="Runnable" seed="650061981" result="Passed" start-time="2026-05-22 07:05:48Z" end-time="2026-05-22 07:05:48Z" duration="0.005630" asserts="0">
                <properties>
                  <property name="retryIteration" value="0" />
                  <property name="repeatIteration" value="0" />
                </properties>
              </test-case>
              <test-case id="1415" name="ReplacementDetectorCapturesOldWeaponForSwapDrop" fullname="Hollow.Tests.EditMode.Milestone42PlayerBuildUxTests.ReplacementDetectorCapturesOldWeaponForSwapDrop" methodname="ReplacementDetectorCapturesOldWeaponForSwapDrop" classname="Hollow.Tests.EditMode.Milestone42PlayerBuildUxTests" runstate="Runnable" seed="286060172" result="Passed" start-time="2026-05-22 07:05:48Z" end-time="2026-05-22 07:05:48Z" duration="0.001597" asserts="0">
                <properties>
                  <property name="retryIteration" value="0" />
                  <property name="repeatIteration" value="0" />
                </properties>
              </test-case>
              <test-case id="1417" name="ReplacementPickupSaveStateRoundTrips" fullname="Hollow.Tests.EditMode.Milestone42PlayerBuildUxTests.ReplacementPickupSaveStateRoundTrips" methodname="ReplacementPickupSaveStateRoundTrips" classname="Hollow.Tests.EditMode.Milestone42PlayerBuildUxTests" runstate="Runnable" seed="1133764734" result="Passed" start-time="2026-05-22 07:05:48Z" end-time="2026-05-22 07:05:48Z" duration="0.000350" asserts="0">
                <properties>
                  <property name="retryIteration" value="0" />
                  <property name="repeatIteration" value="0" />
                </properties>
              </test-case>
              <test-case id="1418" name="RunSnapshotStoresDroppedReplacementPickups" fullname="Hollow.Tests.EditMode.Milestone42PlayerBuildUxTests.RunSnapshotStoresDroppedReplacementPickups" methodname="RunSnapshotStoresDroppedReplacementPickups" classname="Hollow.Tests.EditMode.Milestone42PlayerBuildUxTests" runstate="Runnable" seed="258854930" result="Passed" start-time="2026-05-22 07:05:48Z" end-time="2026-05-22 07:05:48Z" duration="0.000793" asserts="0">
                <properties>
                  <property name="retryIteration" value="0" />
                  <property name="repeatIteration" value="0" />
                </properties>
                <output><![CDATA[Saving results to: /Users/martinjedrzejewski/Library/Application Support/DefaultCompany/Hollow Soul/TestResults.xml
]]></output>
              </test-case>
            </test-suite>
          </test-suite>
        </test-suite>
      </test-suite>
    </test-suite>
  </test-suite>
</test-run>