<?xml version="1.0" encoding="utf-8"?>
<test-run id="2" testcasecount="5" result="Passed" total="5" passed="5" failed="0" inconclusive="0" skipped="0" asserts="0" engine-version="3.5.0.0" clr-version="4.0.30319.42000" start-time="2026-05-02 19:49:17Z" end-time="2026-05-02 19:49:17Z" duration="0.142637">
  <test-suite type="TestSuite" id="1000" name="Hollow Soul" fullname="Hollow Soul" runstate="Runnable" testcasecount="348" result="Passed" start-time="2026-05-02 19:49:17Z" end-time="2026-05-02 19:49:17Z" duration="0.142637" total="5" passed="5" failed="0" inconclusive="0" skipped="0" asserts="0">
    <properties>
      <property name="platform" value="EditMode" />
    </properties>
    <test-suite type="Assembly" id="1408" name="Hollow.Tests.EditMode.dll" fullname="/Users/martinjedrzejewski/Documents/GitHub/Unity/Hollow Soul - Unity/Library/ScriptAssemblies/Hollow.Tests.EditMode.dll" runstate="Runnable" testcasecount="347" result="Passed" start-time="2026-05-02 19:49:17Z" end-time="2026-05-02 19:49:17Z" duration="0.136773" total="5" passed="5" failed="0" inconclusive="0" skipped="0" asserts="0">
      <properties>
        <property name="_PID" value="91651" />
        <property name="_APPDOMAIN" value="Unity Child Domain" />
        <property name="platform" value="EditMode" />
        <property name="EditorOnly" value="True" />
      </properties>
      <test-suite type="TestSuite" id="1409" name="Hollow" fullname="Hollow" runstate="Runnable" testcasecount="347" result="Passed" start-time="2026-05-02 19:49:17Z" end-time="2026-05-02 19:49:17Z" duration="0.134417" total="5" passed="5" failed="0" inconclusive="0" skipped="0" asserts="0">
        <properties />
        <test-suite type="TestSuite" id="1410" name="Tests" fullname="Hollow.Tests" runstate="Runnable" testcasecount="347" result="Passed" start-time="2026-05-02 19:49:17Z" end-time="2026-05-02 19:49:17Z" duration="0.132046" total="5" passed="5" failed="0" inconclusive="0" skipped="0" asserts="0">
          <properties />
          <test-suite type="TestSuite" id="1411" name="EditMode" fullname="Hollow.Tests.EditMode" runstate="Runnable" testcasecount="347" result="Passed" start-time="2026-05-02 19:49:17Z" end-time="2026-05-02 19:49:17Z" duration="0.129768" total="5" passed="5" failed="0" inconclusive="0" skipped="0" asserts="0">
            <properties />
            <test-suite type="TestFixture" id="1351" name="Milestone70PlayerEnemyKnockbackBodyWeightTests" fullname="Hollow.Tests.EditMode.Milestone70PlayerEnemyKnockbackBodyWeightTests" classname="Hollow.Tests.EditMode.Milestone70PlayerEnemyKnockbackBodyWeightTests" runstate="Runnable" testcasecount="5" result="Passed" start-time="2026-05-02 19:49:17Z" end-time="2026-05-02 19:49:17Z" duration="0.125291" total="5" passed="5" failed="0" inconclusive="0" skipped="0" asserts="0">
              <properties />
              <test-case id="1354" name="BodyClassMultiplierMakesLightMoveMoreAndBossesNudge" fullname="Hollow.Tests.EditMode.Milestone70PlayerEnemyKnockbackBodyWeightTests.BodyClassMultiplierMakesLightMoveMoreAndBossesNudge" methodname="BodyClassMultiplierMakesLightMoveMoreAndBossesNudge" classname="Hollow.Tests.EditMode.Milestone70PlayerEnemyKnockbackBodyWeightTests" runstate="Runnable" seed="1123254323" result="Passed" start-time="2026-05-02 19:49:17Z" end-time="2026-05-02 19:49:17Z" duration="0.006881" asserts="0">
                <properties>
                  <property name="retryIteration" value="0" />
                  <property name="repeatIteration" value="0" />
                </properties>
              </test-case>
              <test-case id="1353" name="EnemyDefinitionDefaultsBodyClassFromArchetypeAndBehavior" fullname="Hollow.Tests.EditMode.Milestone70PlayerEnemyKnockbackBodyWeightTests.EnemyDefinitionDefaultsBodyClassFromArchetypeAndBehavior" methodname="EnemyDefinitionDefaultsBodyClassFromArchetypeAndBehavior" classname="Hollow.Tests.EditMode.Milestone70PlayerEnemyKnockbackBodyWeightTests" runstate="Runnable" seed="1199388096" result="Passed" start-time="2026-05-02 19:49:17Z" end-time="2026-05-02 19:49:17Z" duration="0.000638" asserts="0">
                <properties>
                  <property name="retryIteration" value="0" />
                  <property name="repeatIteration" value="0" />
                </properties>
              </test-case>
              <test-case id="1355" name="KnockbackReceiverAppliesBodyResistanceWithoutStunState" fullname="Hollow.Tests.EditMode.Milestone70PlayerEnemyKnockbackBodyWeightTests.KnockbackReceiverAppliesBodyResistanceWithoutStunState" methodname="KnockbackReceiverAppliesBodyResistanceWithoutStunState" classname="Hollow.Tests.EditMode.Milestone70PlayerEnemyKnockbackBodyWeightTests" runstate="Runnable" seed="1685723090" result="Passed" start-time="2026-05-02 19:49:17Z" end-time="2026-05-02 19:49:17Z" duration="0.022450" asserts="0">
                <properties>
                  <property name="retryIteration" value="0" />
                  <property name="repeatIteration" value="0" />
                </properties>
              </test-case>
              <test-case id="1356" name="Milestone70ValidatorReportsGeneratedStateValid" fullname="Hollow.Tests.EditMode.Milestone70PlayerEnemyKnockbackBodyWeightTests.Milestone70ValidatorReportsGeneratedStateValid" methodname="Milestone70ValidatorReportsGeneratedStateValid" classname="Hollow.Tests.EditMode.Milestone70PlayerEnemyKnockbackBodyWeightTests" runstate="Runnable" seed="1919549277" result="Passed" start-time="2026-05-02 19:49:17Z" end-time="2026-05-02 19:49:17Z" duration="0.088528" asserts="0">
                <properties>
                  <property name="retryIteration" value="0" />
                  <property name="repeatIteration" value="0" />
                </properties>
                <output><![CDATA[Milestone 70 validation passed.
]]></output>
              </test-case>
              <test-case id="1352" name="WeaponAttackDefinitionPreservesOldConstructorWithSafeKnockback" fullname="Hollow.Tests.EditMode.Milestone70PlayerEnemyKnockbackBodyWeightTests.WeaponAttackDefinitionPreservesOldConstructorWithSafeKnockback" methodname="WeaponAttackDefinitionPreservesOldConstructorWithSafeKnockback" classname="Hollow.Tests.EditMode.Milestone70PlayerEnemyKnockbackBodyWeightTests" runstate="Runnable" seed="1218103604" result="Passed" start-time="2026-05-02 19:49:17Z" end-time="2026-05-02 19:49:17Z" duration="0.000170" asserts="0">
                <properties>
                  <property name="retryIteration" value="0" />
                  <property name="repeatIteration" value="0" />
                </properties>
                <output><![CDATA[Saving results to: /Users/martinjedrzejewski/Library/Application Support/DefaultCompany/Hollow Soul/TestResults.xml
]]></output>
              </test-case>
            </test-suite>
          </test-suite>
        </test-suite>
      </test-suite>
    </test-suite>
  </test-suite>
</test-run>