<?xml version="1.0" encoding="utf-8"?>
<test-run id="2" testcasecount="9" result="Passed" total="9" passed="9" failed="0" inconclusive="0" skipped="0" asserts="0" engine-version="3.5.0.0" clr-version="4.0.30319.42000" start-time="2026-05-02 19:49:30Z" end-time="2026-05-02 19:49:31Z" duration="0.3687558">
  <test-suite type="TestSuite" id="1000" name="Hollow Soul" fullname="Hollow Soul" runstate="Runnable" testcasecount="348" result="Passed" start-time="2026-05-02 19:49:30Z" end-time="2026-05-02 19:49:31Z" duration="0.368756" total="9" passed="9" failed="0" inconclusive="0" skipped="0" asserts="0">
    <properties>
      <property name="platform" value="EditMode" />
    </properties>
    <test-suite type="Assembly" id="1408" name="Hollow.Tests.EditMode.dll" fullname="/Users/martinjedrzejewski/Documents/GitHub/Unity/Hollow Soul - Unity/Library/ScriptAssemblies/Hollow.Tests.EditMode.dll" runstate="Runnable" testcasecount="347" result="Passed" start-time="2026-05-02 19:49:30Z" end-time="2026-05-02 19:49:31Z" duration="0.362951" total="9" passed="9" failed="0" inconclusive="0" skipped="0" asserts="0">
      <properties>
        <property name="_PID" value="92066" />
        <property name="_APPDOMAIN" value="Unity Child Domain" />
        <property name="platform" value="EditMode" />
        <property name="EditorOnly" value="True" />
      </properties>
      <test-suite type="TestSuite" id="1409" name="Hollow" fullname="Hollow" runstate="Runnable" testcasecount="347" result="Passed" start-time="2026-05-02 19:49:30Z" end-time="2026-05-02 19:49:31Z" duration="0.360419" total="9" passed="9" failed="0" inconclusive="0" skipped="0" asserts="0">
        <properties />
        <test-suite type="TestSuite" id="1410" name="Tests" fullname="Hollow.Tests" runstate="Runnable" testcasecount="347" result="Passed" start-time="2026-05-02 19:49:30Z" end-time="2026-05-02 19:49:31Z" duration="0.357972" total="9" passed="9" failed="0" inconclusive="0" skipped="0" asserts="0">
          <properties />
          <test-suite type="TestSuite" id="1411" name="EditMode" fullname="Hollow.Tests.EditMode" runstate="Runnable" testcasecount="347" result="Passed" start-time="2026-05-02 19:49:30Z" end-time="2026-05-02 19:49:31Z" duration="0.355508" total="9" passed="9" failed="0" inconclusive="0" skipped="0" asserts="0">
            <properties />
            <test-suite type="TestFixture" id="1369" name="Milestone74MovementIntentTests" fullname="Hollow.Tests.EditMode.Milestone74MovementIntentTests" classname="Hollow.Tests.EditMode.Milestone74MovementIntentTests" runstate="Runnable" testcasecount="9" result="Passed" start-time="2026-05-02 19:49:30Z" end-time="2026-05-02 19:49:31Z" duration="0.350851" total="9" passed="9" failed="0" inconclusive="0" skipped="0" asserts="0">
              <properties />
              <test-case id="1377" name="AshChargerStillStartsChargeWindupDirectly" fullname="Hollow.Tests.EditMode.Milestone74MovementIntentTests.AshChargerStillStartsChargeWindupDirectly" methodname="AshChargerStillStartsChargeWindupDirectly" classname="Hollow.Tests.EditMode.Milestone74MovementIntentTests" runstate="Runnable" seed="286567918" result="Passed" start-time="2026-05-02 19:49:30Z" end-time="2026-05-02 19:49:30Z" duration="0.125291" asserts="0">
                <properties>
                  <property name="retryIteration" value="0" />
                  <property name="repeatIteration" value="0" />
                </properties>
              </test-case>
              <test-case id="1376" name="BasicSplitterMaintainsPreferredBand" fullname="Hollow.Tests.EditMode.Milestone74MovementIntentTests.BasicSplitterMaintainsPreferredBand" methodname="BasicSplitterMaintainsPreferredBand" classname="Hollow.Tests.EditMode.Milestone74MovementIntentTests" runstate="Runnable" seed="75230979" result="Passed" start-time="2026-05-02 19:49:30Z" end-time="2026-05-02 19:49:30Z" duration="0.005696" asserts="0">
                <properties>
                  <property name="retryIteration" value="0" />
                  <property name="repeatIteration" value="0" />
                </properties>
              </test-case>
              <test-case id="1375" name="BoneTurretRangeDataDoesNotMakeItMove" fullname="Hollow.Tests.EditMode.Milestone74MovementIntentTests.BoneTurretRangeDataDoesNotMakeItMove" methodname="BoneTurretRangeDataDoesNotMakeItMove" classname="Hollow.Tests.EditMode.Milestone74MovementIntentTests" runstate="Runnable" seed="1099504374" result="Passed" start-time="2026-05-02 19:49:30Z" end-time="2026-05-02 19:49:30Z" duration="0.002128" asserts="0">
                <properties>
                  <property name="retryIteration" value="0" />
                  <property name="repeatIteration" value="0" />
                </properties>
              </test-case>
              <test-case id="1378" name="CatalogueFilesExistPdfExtractsAndValidatorPasses" fullname="Hollow.Tests.EditMode.Milestone74MovementIntentTests.CatalogueFilesExistPdfExtractsAndValidatorPasses" methodname="CatalogueFilesExistPdfExtractsAndValidatorPasses" classname="Hollow.Tests.EditMode.Milestone74MovementIntentTests" runstate="Runnable" seed="2131640726" result="Passed" start-time="2026-05-02 19:49:30Z" end-time="2026-05-02 19:49:31Z" duration="0.198944" asserts="0">
                <properties>
                  <property name="retryIteration" value="0" />
                  <property name="repeatIteration" value="0" />
                </properties>
                <output><![CDATA[ok pages=1 chars=1568

Milestone 74 validation passed.
]]></output>
              </test-case>
              <test-case id="1373" name="ContactBufferStopsDirectShoveIntoPlayer" fullname="Hollow.Tests.EditMode.Milestone74MovementIntentTests.ContactBufferStopsDirectShoveIntoPlayer" methodname="ContactBufferStopsDirectShoveIntoPlayer" classname="Hollow.Tests.EditMode.Milestone74MovementIntentTests" runstate="Runnable" seed="2091220072" result="Passed" start-time="2026-05-02 19:49:31Z" end-time="2026-05-02 19:49:31Z" duration="0.003818" asserts="0">
                <properties>
                  <property name="retryIteration" value="0" />
                  <property name="repeatIteration" value="0" />
                </properties>
              </test-case>
              <test-case id="1372" name="FlyingChaserRetreatBurstCapsAndReassesses" fullname="Hollow.Tests.EditMode.Milestone74MovementIntentTests.FlyingChaserRetreatBurstCapsAndReassesses" methodname="FlyingChaserRetreatBurstCapsAndReassesses" classname="Hollow.Tests.EditMode.Milestone74MovementIntentTests" runstate="Runnable" seed="1124495140" result="Passed" start-time="2026-05-02 19:49:31Z" end-time="2026-05-02 19:49:31Z" duration="0.002473" asserts="0">
                <properties>
                  <property name="retryIteration" value="0" />
                  <property name="repeatIteration" value="0" />
                </properties>
              </test-case>
              <test-case id="1371" name="PreferredRangesPropagateToRuntimeEnemy" fullname="Hollow.Tests.EditMode.Milestone74MovementIntentTests.PreferredRangesPropagateToRuntimeEnemy" methodname="PreferredRangesPropagateToRuntimeEnemy" classname="Hollow.Tests.EditMode.Milestone74MovementIntentTests" runstate="Runnable" seed="972528656" result="Passed" start-time="2026-05-02 19:49:31Z" end-time="2026-05-02 19:49:31Z" duration="0.001433" asserts="0">
                <properties>
                  <property name="retryIteration" value="0" />
                  <property name="repeatIteration" value="0" />
                </properties>
              </test-case>
              <test-case id="1370" name="RuntimeCatalogCarriesM74PreferredRanges" fullname="Hollow.Tests.EditMode.Milestone74MovementIntentTests.RuntimeCatalogCarriesM74PreferredRanges" methodname="RuntimeCatalogCarriesM74PreferredRanges" classname="Hollow.Tests.EditMode.Milestone74MovementIntentTests" runstate="Runnable" seed="1810519439" result="Passed" start-time="2026-05-02 19:49:31Z" end-time="2026-05-02 19:49:31Z" duration="0.000397" asserts="0">
                <properties>
                  <property name="retryIteration" value="0" />
                  <property name="repeatIteration" value="0" />
                </properties>
              </test-case>
              <test-case id="1374" name="SoftSeparationNudgesNearbyEnemiesApart" fullname="Hollow.Tests.EditMode.Milestone74MovementIntentTests.SoftSeparationNudgesNearbyEnemiesApart" methodname="SoftSeparationNudgesNearbyEnemiesApart" classname="Hollow.Tests.EditMode.Milestone74MovementIntentTests" runstate="Runnable" seed="779568958" result="Passed" start-time="2026-05-02 19:49:31Z" end-time="2026-05-02 19:49:31Z" duration="0.003231" asserts="0">
                <properties>
                  <property name="retryIteration" value="0" />
                  <property name="repeatIteration" value="0" />
                </properties>
                <output><![CDATA[Saving results to: /Users/martinjedrzejewski/Library/Application Support/DefaultCompany/Hollow Soul/TestResults.xml
]]></output>
              </test-case>
            </test-suite>
          </test-suite>
        </test-suite>
      </test-suite>
    </test-suite>
  </test-suite>
</test-run>