<?xml version="1.0" encoding="utf-8"?>
<test-run id="2" testcasecount="9" result="Passed" total="9" passed="9" failed="0" inconclusive="0" skipped="0" asserts="0" engine-version="3.5.0.0" clr-version="4.0.30319.42000" start-time="2026-05-02 21:56:42Z" end-time="2026-05-02 21:56:42Z" duration="0.3773488">
  <test-suite type="TestSuite" id="1000" name="Hollow Soul" fullname="Hollow Soul" runstate="Runnable" testcasecount="363" result="Passed" start-time="2026-05-02 21:56:42Z" end-time="2026-05-02 21:56:42Z" duration="0.377349" total="9" passed="9" failed="0" inconclusive="0" skipped="0" asserts="0">
    <properties>
      <property name="platform" value="EditMode" />
    </properties>
    <test-suite type="Assembly" id="1425" name="Hollow.Tests.EditMode.dll" fullname="/Users/martinjedrzejewski/Documents/GitHub/Unity/Hollow Soul - Unity/Library/ScriptAssemblies/Hollow.Tests.EditMode.dll" runstate="Runnable" testcasecount="362" result="Passed" start-time="2026-05-02 21:56:42Z" end-time="2026-05-02 21:56:42Z" duration="0.371905" total="9" passed="9" failed="0" inconclusive="0" skipped="0" asserts="0">
      <properties>
        <property name="_PID" value="60482" />
        <property name="_APPDOMAIN" value="Unity Child Domain" />
        <property name="platform" value="EditMode" />
        <property name="EditorOnly" value="True" />
      </properties>
      <test-suite type="TestSuite" id="1426" name="Hollow" fullname="Hollow" runstate="Runnable" testcasecount="362" result="Passed" start-time="2026-05-02 21:56:42Z" end-time="2026-05-02 21:56:42Z" duration="0.370094" total="9" passed="9" failed="0" inconclusive="0" skipped="0" asserts="0">
        <properties />
        <test-suite type="TestSuite" id="1427" name="Tests" fullname="Hollow.Tests" runstate="Runnable" testcasecount="362" result="Passed" start-time="2026-05-02 21:56:42Z" end-time="2026-05-02 21:56:42Z" duration="0.368485" total="9" passed="9" failed="0" inconclusive="0" skipped="0" asserts="0">
          <properties />
          <test-suite type="TestSuite" id="1428" name="EditMode" fullname="Hollow.Tests.EditMode" runstate="Runnable" testcasecount="362" result="Passed" start-time="2026-05-02 21:56:42Z" end-time="2026-05-02 21:56:42Z" duration="0.366809" total="9" passed="9" failed="0" inconclusive="0" skipped="0" asserts="0">
            <properties />
            <test-suite type="TestFixture" id="1369" name="Milestone74MovementIntentTests" fullname="Hollow.Tests.EditMode.Milestone74MovementIntentTests" classname="Hollow.Tests.EditMode.Milestone74MovementIntentTests" runstate="Runnable" testcasecount="9" result="Passed" start-time="2026-05-02 21:56:42Z" end-time="2026-05-02 21:56:42Z" duration="0.363119" total="9" passed="9" failed="0" inconclusive="0" skipped="0" asserts="0">
              <properties />
              <test-case id="1377" name="AshChargerStillStartsChargeWindupDirectly" fullname="Hollow.Tests.EditMode.Milestone74MovementIntentTests.AshChargerStillStartsChargeWindupDirectly" methodname="AshChargerStillStartsChargeWindupDirectly" classname="Hollow.Tests.EditMode.Milestone74MovementIntentTests" runstate="Runnable" seed="1659220612" result="Passed" start-time="2026-05-02 21:56:42Z" end-time="2026-05-02 21:56:42Z" duration="0.131121" asserts="0">
                <properties>
                  <property name="retryIteration" value="0" />
                  <property name="repeatIteration" value="0" />
                </properties>
              </test-case>
              <test-case id="1376" name="BasicSplitterMaintainsPreferredBand" fullname="Hollow.Tests.EditMode.Milestone74MovementIntentTests.BasicSplitterMaintainsPreferredBand" methodname="BasicSplitterMaintainsPreferredBand" classname="Hollow.Tests.EditMode.Milestone74MovementIntentTests" runstate="Runnable" seed="2142248553" result="Passed" start-time="2026-05-02 21:56:42Z" end-time="2026-05-02 21:56:42Z" duration="0.006515" asserts="0">
                <properties>
                  <property name="retryIteration" value="0" />
                  <property name="repeatIteration" value="0" />
                </properties>
              </test-case>
              <test-case id="1375" name="BoneTurretRangeDataDoesNotMakeItMove" fullname="Hollow.Tests.EditMode.Milestone74MovementIntentTests.BoneTurretRangeDataDoesNotMakeItMove" methodname="BoneTurretRangeDataDoesNotMakeItMove" classname="Hollow.Tests.EditMode.Milestone74MovementIntentTests" runstate="Runnable" seed="138055183" result="Passed" start-time="2026-05-02 21:56:42Z" end-time="2026-05-02 21:56:42Z" duration="0.002611" asserts="0">
                <properties>
                  <property name="retryIteration" value="0" />
                  <property name="repeatIteration" value="0" />
                </properties>
              </test-case>
              <test-case id="1378" name="CatalogueFilesExistPdfExtractsAndValidatorPasses" fullname="Hollow.Tests.EditMode.Milestone74MovementIntentTests.CatalogueFilesExistPdfExtractsAndValidatorPasses" methodname="CatalogueFilesExistPdfExtractsAndValidatorPasses" classname="Hollow.Tests.EditMode.Milestone74MovementIntentTests" runstate="Runnable" seed="1899354801" result="Passed" start-time="2026-05-02 21:56:42Z" end-time="2026-05-02 21:56:42Z" duration="0.203975" asserts="0">
                <properties>
                  <property name="retryIteration" value="0" />
                  <property name="repeatIteration" value="0" />
                </properties>
                <output><![CDATA[ok pages=1 chars=1568

Milestone 74 validation passed.
]]></output>
              </test-case>
              <test-case id="1373" name="ContactBufferStopsDirectShoveIntoPlayer" fullname="Hollow.Tests.EditMode.Milestone74MovementIntentTests.ContactBufferStopsDirectShoveIntoPlayer" methodname="ContactBufferStopsDirectShoveIntoPlayer" classname="Hollow.Tests.EditMode.Milestone74MovementIntentTests" runstate="Runnable" seed="1142722059" result="Passed" start-time="2026-05-02 21:56:42Z" end-time="2026-05-02 21:56:42Z" duration="0.004136" asserts="0">
                <properties>
                  <property name="retryIteration" value="0" />
                  <property name="repeatIteration" value="0" />
                </properties>
              </test-case>
              <test-case id="1372" name="FlyingChaserRetreatBurstCapsAndReassesses" fullname="Hollow.Tests.EditMode.Milestone74MovementIntentTests.FlyingChaserRetreatBurstCapsAndReassesses" methodname="FlyingChaserRetreatBurstCapsAndReassesses" classname="Hollow.Tests.EditMode.Milestone74MovementIntentTests" runstate="Runnable" seed="1160444697" result="Passed" start-time="2026-05-02 21:56:42Z" end-time="2026-05-02 21:56:42Z" duration="0.002250" asserts="0">
                <properties>
                  <property name="retryIteration" value="0" />
                  <property name="repeatIteration" value="0" />
                </properties>
              </test-case>
              <test-case id="1371" name="PreferredRangesPropagateToRuntimeEnemy" fullname="Hollow.Tests.EditMode.Milestone74MovementIntentTests.PreferredRangesPropagateToRuntimeEnemy" methodname="PreferredRangesPropagateToRuntimeEnemy" classname="Hollow.Tests.EditMode.Milestone74MovementIntentTests" runstate="Runnable" seed="608822948" result="Passed" start-time="2026-05-02 21:56:42Z" end-time="2026-05-02 21:56:42Z" duration="0.001622" asserts="0">
                <properties>
                  <property name="retryIteration" value="0" />
                  <property name="repeatIteration" value="0" />
                </properties>
              </test-case>
              <test-case id="1370" name="RuntimeCatalogCarriesM74PreferredRanges" fullname="Hollow.Tests.EditMode.Milestone74MovementIntentTests.RuntimeCatalogCarriesM74PreferredRanges" methodname="RuntimeCatalogCarriesM74PreferredRanges" classname="Hollow.Tests.EditMode.Milestone74MovementIntentTests" runstate="Runnable" seed="1961296125" result="Passed" start-time="2026-05-02 21:56:42Z" end-time="2026-05-02 21:56:42Z" duration="0.000441" asserts="0">
                <properties>
                  <property name="retryIteration" value="0" />
                  <property name="repeatIteration" value="0" />
                </properties>
              </test-case>
              <test-case id="1374" name="SoftSeparationNudgesNearbyEnemiesApart" fullname="Hollow.Tests.EditMode.Milestone74MovementIntentTests.SoftSeparationNudgesNearbyEnemiesApart" methodname="SoftSeparationNudgesNearbyEnemiesApart" classname="Hollow.Tests.EditMode.Milestone74MovementIntentTests" runstate="Runnable" seed="1020067876" result="Passed" start-time="2026-05-02 21:56:42Z" end-time="2026-05-02 21:56:42Z" duration="0.003225" asserts="0">
                <properties>
                  <property name="retryIteration" value="0" />
                  <property name="repeatIteration" value="0" />
                </properties>
                <output><![CDATA[Saving results to: /Users/martinjedrzejewski/Library/Application Support/DefaultCompany/Hollow Soul/TestResults.xml
]]></output>
              </test-case>
            </test-suite>
          </test-suite>
        </test-suite>
      </test-suite>
    </test-suite>
  </test-suite>
</test-run>