<?xml version="1.0" encoding="utf-8"?>
<test-run id="2" testcasecount="6" result="Passed" total="6" passed="6" failed="0" inconclusive="0" skipped="0" asserts="0" engine-version="3.5.0.0" clr-version="4.0.30319.42000" start-time="2026-05-03 14:39:47Z" end-time="2026-05-03 14:39:47Z" duration="0.4975299">
  <test-suite type="TestSuite" id="1000" name="Hollow Soul" fullname="Hollow Soul" runstate="Runnable" testcasecount="452" result="Passed" start-time="2026-05-03 14:39:47Z" end-time="2026-05-03 14:39:47Z" duration="0.497530" total="6" passed="6" failed="0" inconclusive="0" skipped="0" asserts="0">
    <properties>
      <property name="platform" value="EditMode" />
    </properties>
    <test-suite type="Assembly" id="1527" name="Hollow.Tests.EditMode.dll" fullname="/Users/martinjedrzejewski/Documents/GitHub/Unity/Hollow Soul - Unity/Library/ScriptAssemblies/Hollow.Tests.EditMode.dll" runstate="Runnable" testcasecount="451" result="Passed" start-time="2026-05-03 14:39:47Z" end-time="2026-05-03 14:39:47Z" duration="0.490932" total="6" passed="6" failed="0" inconclusive="0" skipped="0" asserts="0">
      <properties>
        <property name="_PID" value="11735" />
        <property name="_APPDOMAIN" value="Unity Child Domain" />
        <property name="platform" value="EditMode" />
        <property name="EditorOnly" value="True" />
      </properties>
      <test-suite type="TestSuite" id="1528" name="Hollow" fullname="Hollow" runstate="Runnable" testcasecount="451" result="Passed" start-time="2026-05-03 14:39:47Z" end-time="2026-05-03 14:39:47Z" duration="0.487750" total="6" passed="6" failed="0" inconclusive="0" skipped="0" asserts="0">
        <properties />
        <test-suite type="TestSuite" id="1529" name="Tests" fullname="Hollow.Tests" runstate="Runnable" testcasecount="451" result="Passed" start-time="2026-05-03 14:39:47Z" end-time="2026-05-03 14:39:47Z" duration="0.484741" total="6" passed="6" failed="0" inconclusive="0" skipped="0" asserts="0">
          <properties />
          <test-suite type="TestSuite" id="1530" name="EditMode" fullname="Hollow.Tests.EditMode" runstate="Runnable" testcasecount="451" result="Passed" start-time="2026-05-03 14:39:47Z" end-time="2026-05-03 14:39:47Z" duration="0.481576" total="6" passed="6" failed="0" inconclusive="0" skipped="0" asserts="0">
            <properties />
            <test-suite type="TestFixture" id="1473" name="Milestone85CreatureActionExpansionTests" fullname="Hollow.Tests.EditMode.Milestone85CreatureActionExpansionTests" classname="Hollow.Tests.EditMode.Milestone85CreatureActionExpansionTests" runstate="Runnable" testcasecount="6" result="Passed" start-time="2026-05-03 14:39:47Z" end-time="2026-05-03 14:39:47Z" duration="0.475484" total="6" passed="6" failed="0" inconclusive="0" skipped="0" asserts="0">
              <properties />
              <test-case id="1475" name="BodyOnlyCreatureUpgradesHavePhysicalProfilesActionsAndTrees" fullname="Hollow.Tests.EditMode.Milestone85CreatureActionExpansionTests.BodyOnlyCreatureUpgradesHavePhysicalProfilesActionsAndTrees" methodname="BodyOnlyCreatureUpgradesHavePhysicalProfilesActionsAndTrees" classname="Hollow.Tests.EditMode.Milestone85CreatureActionExpansionTests" runstate="Runnable" seed="938569932" result="Passed" start-time="2026-05-03 14:39:47Z" end-time="2026-05-03 14:39:47Z" duration="0.054151" asserts="0">
                <properties>
                  <property name="retryIteration" value="0" />
                  <property name="repeatIteration" value="0" />
                </properties>
              </test-case>
              <test-case id="1476" name="CreatureMovementBurstMovesWithoutDamageAndHasRecovery" fullname="Hollow.Tests.EditMode.Milestone85CreatureActionExpansionTests.CreatureMovementBurstMovesWithoutDamageAndHasRecovery" methodname="CreatureMovementBurstMovesWithoutDamageAndHasRecovery" classname="Hollow.Tests.EditMode.Milestone85CreatureActionExpansionTests" runstate="Runnable" seed="333982334" result="Passed" start-time="2026-05-03 14:39:47Z" end-time="2026-05-03 14:39:47Z" duration="0.125160" asserts="0">
                <properties>
                  <property name="retryIteration" value="0" />
                  <property name="repeatIteration" value="0" />
                </properties>
              </test-case>
              <test-case id="1474" name="CreatureRosterDefinitionsProfilesTreesAndSpawnKindsResolve" fullname="Hollow.Tests.EditMode.Milestone85CreatureActionExpansionTests.CreatureRosterDefinitionsProfilesTreesAndSpawnKindsResolve" methodname="CreatureRosterDefinitionsProfilesTreesAndSpawnKindsResolve" classname="Hollow.Tests.EditMode.Milestone85CreatureActionExpansionTests" runstate="Runnable" seed="1185338858" result="Passed" start-time="2026-05-03 14:39:47Z" end-time="2026-05-03 14:39:47Z" duration="0.009902" asserts="0">
                <properties>
                  <property name="retryIteration" value="0" />
                  <property name="repeatIteration" value="0" />
                </properties>
              </test-case>
              <test-case id="1478" name="CreatureSignalsAffectOnlyNearbySameFamilyLivingNonBossEnemies" fullname="Hollow.Tests.EditMode.Milestone85CreatureActionExpansionTests.CreatureSignalsAffectOnlyNearbySameFamilyLivingNonBossEnemies" methodname="CreatureSignalsAffectOnlyNearbySameFamilyLivingNonBossEnemies" classname="Hollow.Tests.EditMode.Milestone85CreatureActionExpansionTests" runstate="Runnable" seed="1061019300" result="Passed" start-time="2026-05-03 14:39:47Z" end-time="2026-05-03 14:39:47Z" duration="0.014416" asserts="0">
                <properties>
                  <property name="retryIteration" value="0" />
                  <property name="repeatIteration" value="0" />
                </properties>
              </test-case>
              <test-case id="1479" name="CuratedRoomsDocsPdfExtractAndValidatorPass" fullname="Hollow.Tests.EditMode.Milestone85CreatureActionExpansionTests.CuratedRoomsDocsPdfExtractAndValidatorPass" methodname="CuratedRoomsDocsPdfExtractAndValidatorPass" classname="Hollow.Tests.EditMode.Milestone85CreatureActionExpansionTests" runstate="Runnable" seed="71602307" result="Passed" start-time="2026-05-03 14:39:47Z" end-time="2026-05-03 14:39:47Z" duration="0.249969" asserts="0">
                <properties>
                  <property name="retryIteration" value="0" />
                  <property name="repeatIteration" value="0" />
                </properties>
                <output><![CDATA[ok pages=2 chars=3463

Milestone 85 validation passed.
]]></output>
              </test-case>
              <test-case id="1477" name="HollowBirdAndBeastDamageOnlyDuringActiveWindows" fullname="Hollow.Tests.EditMode.Milestone85CreatureActionExpansionTests.HollowBirdAndBeastDamageOnlyDuringActiveWindows" methodname="HollowBirdAndBeastDamageOnlyDuringActiveWindows" classname="Hollow.Tests.EditMode.Milestone85CreatureActionExpansionTests" runstate="Runnable" seed="333866909" result="Passed" start-time="2026-05-03 14:39:47Z" end-time="2026-05-03 14:39:47Z" duration="0.015055" asserts="0">
                <properties>
                  <property name="retryIteration" value="0" />
                  <property name="repeatIteration" value="0" />
                </properties>
                <output><![CDATA[Saving results to: /Users/martinjedrzejewski/Library/Application Support/DefaultCompany/Hollow Soul/TestResults.xml
]]></output>
              </test-case>
            </test-suite>
          </test-suite>
        </test-suite>
      </test-suite>
    </test-suite>
  </test-suite>
</test-run>