<?xml version="1.0" encoding="utf-8"?>
<test-run id="2" testcasecount="5" result="Passed" total="5" passed="5" failed="0" inconclusive="0" skipped="0" asserts="0" engine-version="3.5.0.0" clr-version="4.0.30319.42000" start-time="2026-05-03 13:55:34Z" end-time="2026-05-03 13:55:34Z" duration="0.4628255">
  <test-suite type="TestSuite" id="1000" name="Hollow Soul" fullname="Hollow Soul" runstate="Runnable" testcasecount="434" result="Passed" start-time="2026-05-03 13:55:34Z" end-time="2026-05-03 13:55:34Z" duration="0.462826" total="5" passed="5" failed="0" inconclusive="0" skipped="0" asserts="0">
    <properties>
      <property name="platform" value="EditMode" />
    </properties>
    <test-suite type="Assembly" id="1506" name="Hollow.Tests.EditMode.dll" fullname="/Users/martinjedrzejewski/Documents/GitHub/Unity/Hollow Soul - Unity/Library/ScriptAssemblies/Hollow.Tests.EditMode.dll" runstate="Runnable" testcasecount="433" result="Passed" start-time="2026-05-03 13:55:34Z" end-time="2026-05-03 13:55:34Z" duration="0.455622" total="5" passed="5" failed="0" inconclusive="0" skipped="0" asserts="0">
      <properties>
        <property name="_PID" value="63782" />
        <property name="_APPDOMAIN" value="Unity Child Domain" />
        <property name="platform" value="EditMode" />
        <property name="EditorOnly" value="True" />
      </properties>
      <test-suite type="TestSuite" id="1507" name="Hollow" fullname="Hollow" runstate="Runnable" testcasecount="433" result="Passed" start-time="2026-05-03 13:55:34Z" end-time="2026-05-03 13:55:34Z" duration="0.451646" total="5" passed="5" failed="0" inconclusive="0" skipped="0" asserts="0">
        <properties />
        <test-suite type="TestSuite" id="1508" name="Tests" fullname="Hollow.Tests" runstate="Runnable" testcasecount="433" result="Passed" start-time="2026-05-03 13:55:34Z" end-time="2026-05-03 13:55:34Z" duration="0.447825" total="5" passed="5" failed="0" inconclusive="0" skipped="0" asserts="0">
          <properties />
          <test-suite type="TestSuite" id="1509" name="EditMode" fullname="Hollow.Tests.EditMode" runstate="Runnable" testcasecount="433" result="Passed" start-time="2026-05-03 13:55:34Z" end-time="2026-05-03 13:55:34Z" duration="0.443996" total="5" passed="5" failed="0" inconclusive="0" skipped="0" asserts="0">
            <properties />
            <test-suite type="TestFixture" id="1480" name="Milestone86RangedFirearmEnemiesTests" fullname="Hollow.Tests.EditMode.Milestone86RangedFirearmEnemiesTests" classname="Hollow.Tests.EditMode.Milestone86RangedFirearmEnemiesTests" runstate="Runnable" testcasecount="5" result="Passed" start-time="2026-05-03 13:55:34Z" end-time="2026-05-03 13:55:34Z" duration="0.437535" total="5" passed="5" failed="0" inconclusive="0" skipped="0" asserts="0">
              <properties />
              <test-case id="1485" name="CuratedRoomsDocsPdfExtractAndValidatorPass" fullname="Hollow.Tests.EditMode.Milestone86RangedFirearmEnemiesTests.CuratedRoomsDocsPdfExtractAndValidatorPass" methodname="CuratedRoomsDocsPdfExtractAndValidatorPass" classname="Hollow.Tests.EditMode.Milestone86RangedFirearmEnemiesTests" runstate="Runnable" seed="918068614" result="Passed" start-time="2026-05-03 13:55:34Z" end-time="2026-05-03 13:55:34Z" duration="0.274138" asserts="0">
                <properties>
                  <property name="retryIteration" value="0" />
                  <property name="repeatIteration" value="0" />
                </properties>
                <output><![CDATA[ok pages=2 chars=3146

Milestone 86 validation passed.
]]></output>
              </test-case>
              <test-case id="1483" name="FanAndRadialProfilesFireOnlyAtActivePoint" fullname="Hollow.Tests.EditMode.Milestone86RangedFirearmEnemiesTests.FanAndRadialProfilesFireOnlyAtActivePoint" methodname="FanAndRadialProfilesFireOnlyAtActivePoint" classname="Hollow.Tests.EditMode.Milestone86RangedFirearmEnemiesTests" runstate="Runnable" seed="8677829" result="Passed" start-time="2026-05-03 13:55:34Z" end-time="2026-05-03 13:55:34Z" duration="0.132287" asserts="0">
                <properties>
                  <property name="retryIteration" value="0" />
                  <property name="repeatIteration" value="0" />
                </properties>
              </test-case>
              <test-case id="1484" name="RangedAttackBudgetStillLimitsStarts" fullname="Hollow.Tests.EditMode.Milestone86RangedFirearmEnemiesTests.RangedAttackBudgetStillLimitsStarts" methodname="RangedAttackBudgetStillLimitsStarts" classname="Hollow.Tests.EditMode.Milestone86RangedFirearmEnemiesTests" runstate="Runnable" seed="439677542" result="Passed" start-time="2026-05-03 13:55:34Z" end-time="2026-05-03 13:55:34Z" duration="0.009175" asserts="0">
                <properties>
                  <property name="retryIteration" value="0" />
                  <property name="repeatIteration" value="0" />
                </properties>
              </test-case>
              <test-case id="1482" name="RangedProfilesArePhysicalProjectilePatternProfiles" fullname="Hollow.Tests.EditMode.Milestone86RangedFirearmEnemiesTests.RangedProfilesArePhysicalProjectilePatternProfiles" methodname="RangedProfilesArePhysicalProjectilePatternProfiles" classname="Hollow.Tests.EditMode.Milestone86RangedFirearmEnemiesTests" runstate="Runnable" seed="1253027785" result="Passed" start-time="2026-05-03 13:55:34Z" end-time="2026-05-03 13:55:34Z" duration="0.000688" asserts="0">
                <properties>
                  <property name="retryIteration" value="0" />
                  <property name="repeatIteration" value="0" />
                </properties>
              </test-case>
              <test-case id="1481" name="RangedRosterDefinitionsProfilesTreesAndSpawnKindsResolve" fullname="Hollow.Tests.EditMode.Milestone86RangedFirearmEnemiesTests.RangedRosterDefinitionsProfilesTreesAndSpawnKindsResolve" methodname="RangedRosterDefinitionsProfilesTreesAndSpawnKindsResolve" classname="Hollow.Tests.EditMode.Milestone86RangedFirearmEnemiesTests" runstate="Runnable" seed="836634278" result="Passed" start-time="2026-05-03 13:55:34Z" end-time="2026-05-03 13:55:34Z" duration="0.012732" asserts="0">
                <properties>
                  <property name="retryIteration" value="0" />
                  <property name="repeatIteration" value="0" />
                </properties>
                <output><![CDATA[Saving results to: /Users/martinjedrzejewski/Library/Application Support/DefaultCompany/Hollow Soul/TestResults.xml
]]></output>
              </test-case>
            </test-suite>
          </test-suite>
        </test-suite>
      </test-suite>
    </test-suite>
  </test-suite>
</test-run>