<?xml version="1.0" encoding="utf-8"?>
<test-run id="2" testcasecount="6" result="Passed" total="6" passed="6" failed="0" inconclusive="0" skipped="0" asserts="0" engine-version="3.5.0.0" clr-version="4.0.30319.42000" start-time="2026-05-03 14:40:02Z" end-time="2026-05-03 14:40:02Z" duration="0.2647345">
  <test-suite type="TestSuite" id="1000" name="Hollow Soul" fullname="Hollow Soul" runstate="Runnable" testcasecount="452" result="Passed" start-time="2026-05-03 14:40:02Z" end-time="2026-05-03 14:40:02Z" duration="0.264735" total="6" passed="6" failed="0" inconclusive="0" skipped="0" asserts="0">
    <properties>
      <property name="platform" value="EditMode" />
    </properties>
    <test-suite type="Assembly" id="1527" name="Hollow.Tests.EditMode.dll" fullname="/Users/martinjedrzejewski/Documents/GitHub/Unity/Hollow Soul - Unity/Library/ScriptAssemblies/Hollow.Tests.EditMode.dll" runstate="Runnable" testcasecount="451" result="Passed" start-time="2026-05-03 14:40:02Z" end-time="2026-05-03 14:40:02Z" duration="0.258203" total="6" passed="6" failed="0" inconclusive="0" skipped="0" asserts="0">
      <properties>
        <property name="_PID" value="11987" />
        <property name="_APPDOMAIN" value="Unity Child Domain" />
        <property name="platform" value="EditMode" />
        <property name="EditorOnly" value="True" />
      </properties>
      <test-suite type="TestSuite" id="1528" name="Hollow" fullname="Hollow" runstate="Runnable" testcasecount="451" result="Passed" start-time="2026-05-03 14:40:02Z" end-time="2026-05-03 14:40:02Z" duration="0.254898" total="6" passed="6" failed="0" inconclusive="0" skipped="0" asserts="0">
        <properties />
        <test-suite type="TestSuite" id="1529" name="Tests" fullname="Hollow.Tests" runstate="Runnable" testcasecount="451" result="Passed" start-time="2026-05-03 14:40:02Z" end-time="2026-05-03 14:40:02Z" duration="0.251715" total="6" passed="6" failed="0" inconclusive="0" skipped="0" asserts="0">
          <properties />
          <test-suite type="TestSuite" id="1530" name="EditMode" fullname="Hollow.Tests.EditMode" runstate="Runnable" testcasecount="451" result="Passed" start-time="2026-05-03 14:40:02Z" end-time="2026-05-03 14:40:02Z" duration="0.248464" total="6" passed="6" failed="0" inconclusive="0" skipped="0" asserts="0">
            <properties />
            <test-suite type="TestFixture" id="1493" name="Milestone88NavigationAdapterTests" fullname="Hollow.Tests.EditMode.Milestone88NavigationAdapterTests" classname="Hollow.Tests.EditMode.Milestone88NavigationAdapterTests" runstate="Runnable" testcasecount="6" result="Passed" start-time="2026-05-03 14:40:02Z" end-time="2026-05-03 14:40:02Z" duration="0.242717" total="6" passed="6" failed="0" inconclusive="0" skipped="0" asserts="0">
              <properties />
              <test-case id="1494" name="AdapterUsesLocalSteeringBackendAndDefaultModes" fullname="Hollow.Tests.EditMode.Milestone88NavigationAdapterTests.AdapterUsesLocalSteeringBackendAndDefaultModes" methodname="AdapterUsesLocalSteeringBackendAndDefaultModes" classname="Hollow.Tests.EditMode.Milestone88NavigationAdapterTests" runstate="Runnable" seed="777622786" result="Passed" start-time="2026-05-03 14:40:02Z" end-time="2026-05-03 14:40:02Z" duration="0.006482" asserts="0">
                <properties>
                  <property name="retryIteration" value="0" />
                  <property name="repeatIteration" value="0" />
                </properties>
              </test-case>
              <test-case id="1498" name="CurrentRosterResolvesNavigationModes" fullname="Hollow.Tests.EditMode.Milestone88NavigationAdapterTests.CurrentRosterResolvesNavigationModes" methodname="CurrentRosterResolvesNavigationModes" classname="Hollow.Tests.EditMode.Milestone88NavigationAdapterTests" runstate="Runnable" seed="255085366" result="Passed" start-time="2026-05-03 14:40:02Z" end-time="2026-05-03 14:40:02Z" duration="0.004164" asserts="0">
                <properties>
                  <property name="retryIteration" value="0" />
                  <property name="repeatIteration" value="0" />
                </properties>
              </test-case>
              <test-case id="1499" name="DocsAndValidatorPass" fullname="Hollow.Tests.EditMode.Milestone88NavigationAdapterTests.DocsAndValidatorPass" methodname="DocsAndValidatorPass" classname="Hollow.Tests.EditMode.Milestone88NavigationAdapterTests" runstate="Runnable" seed="600544176" result="Passed" start-time="2026-05-03 14:40:02Z" end-time="2026-05-03 14:40:02Z" duration="0.089921" asserts="0">
                <properties>
                  <property name="retryIteration" value="0" />
                  <property name="repeatIteration" value="0" />
                </properties>
                <output><![CDATA[Milestone 88 validation passed.
]]></output>
              </test-case>
              <test-case id="1496" name="FlyingAndPhaseModesAreSeparateFromGroundedObstacleDetours" fullname="Hollow.Tests.EditMode.Milestone88NavigationAdapterTests.FlyingAndPhaseModesAreSeparateFromGroundedObstacleDetours" methodname="FlyingAndPhaseModesAreSeparateFromGroundedObstacleDetours" classname="Hollow.Tests.EditMode.Milestone88NavigationAdapterTests" runstate="Runnable" seed="2100172877" result="Passed" start-time="2026-05-03 14:40:02Z" end-time="2026-05-03 14:40:02Z" duration="0.028400" asserts="0">
                <properties>
                  <property name="retryIteration" value="0" />
                  <property name="repeatIteration" value="0" />
                </properties>
              </test-case>
              <test-case id="1495" name="GroundedLocalSteeringDetoursWhenDirectMotionStalls" fullname="Hollow.Tests.EditMode.Milestone88NavigationAdapterTests.GroundedLocalSteeringDetoursWhenDirectMotionStalls" methodname="GroundedLocalSteeringDetoursWhenDirectMotionStalls" classname="Hollow.Tests.EditMode.Milestone88NavigationAdapterTests" runstate="Runnable" seed="60318240" result="Passed" start-time="2026-05-03 14:40:02Z" end-time="2026-05-03 14:40:02Z" duration="0.003634" asserts="0">
                <properties>
                  <property name="retryIteration" value="0" />
                  <property name="repeatIteration" value="0" />
                </properties>
              </test-case>
              <test-case id="1497" name="RuntimeMovementPublishesNavigationDiagnostics" fullname="Hollow.Tests.EditMode.Milestone88NavigationAdapterTests.RuntimeMovementPublishesNavigationDiagnostics" methodname="RuntimeMovementPublishesNavigationDiagnostics" classname="Hollow.Tests.EditMode.Milestone88NavigationAdapterTests" runstate="Runnable" seed="859435499" result="Passed" start-time="2026-05-03 14:40:02Z" end-time="2026-05-03 14:40:02Z" duration="0.103652" asserts="0">
                <properties>
                  <property name="retryIteration" value="0" />
                  <property name="repeatIteration" value="0" />
                </properties>
                <output><![CDATA[Saving results to: /Users/martinjedrzejewski/Library/Application Support/DefaultCompany/Hollow Soul/TestResults.xml
]]></output>
              </test-case>
            </test-suite>
          </test-suite>
        </test-suite>
      </test-suite>
    </test-suite>
  </test-suite>
</test-run>