<?xml version="1.0" encoding="utf-8"?>
<test-run id="2" testcasecount="7" result="Passed" total="7" passed="7" failed="0" inconclusive="0" skipped="0" asserts="0" engine-version="3.5.0.0" clr-version="4.0.30319.42000" start-time="2026-05-20 17:19:20Z" end-time="2026-05-20 17:19:20Z" duration="0.0668343">
  <test-suite type="TestSuite" id="1000" name="Hollow Soul" fullname="Hollow Soul" runstate="Runnable" testcasecount="729" result="Passed" start-time="2026-05-20 17:19:20Z" end-time="2026-05-20 17:19:20Z" duration="0.066834" total="7" passed="7" failed="0" inconclusive="0" skipped="0" asserts="0">
    <properties>
      <property name="platform" value="EditMode" />
    </properties>
    <test-suite type="Assembly" id="1848" name="Hollow.Tests.EditMode.dll" fullname="/Users/martinjedrzejewski/Documents/GitHub/Unity/Hollow Soul - Unity/Library/ScriptAssemblies/Hollow.Tests.EditMode.dll" runstate="Runnable" testcasecount="728" result="Passed" start-time="2026-05-20 17:19:20Z" end-time="2026-05-20 17:19:20Z" duration="0.060081" total="7" passed="7" failed="0" inconclusive="0" skipped="0" asserts="0">
      <properties>
        <property name="_PID" value="7882" />
        <property name="_APPDOMAIN" value="Unity Child Domain" />
        <property name="platform" value="EditMode" />
        <property name="EditorOnly" value="True" />
      </properties>
      <test-suite type="TestSuite" id="1849" name="Hollow" fullname="Hollow" runstate="Runnable" testcasecount="728" result="Passed" start-time="2026-05-20 17:19:20Z" end-time="2026-05-20 17:19:20Z" duration="0.057842" total="7" passed="7" failed="0" inconclusive="0" skipped="0" asserts="0">
        <properties />
        <test-suite type="TestSuite" id="1850" name="Tests" fullname="Hollow.Tests" runstate="Runnable" testcasecount="728" result="Passed" start-time="2026-05-20 17:19:20Z" end-time="2026-05-20 17:19:20Z" duration="0.056017" total="7" passed="7" failed="0" inconclusive="0" skipped="0" asserts="0">
          <properties />
          <test-suite type="TestSuite" id="1851" name="EditMode" fullname="Hollow.Tests.EditMode" runstate="Runnable" testcasecount="728" result="Passed" start-time="2026-05-20 17:19:20Z" end-time="2026-05-20 17:19:20Z" duration="0.054083" total="7" passed="7" failed="0" inconclusive="0" skipped="0" asserts="0">
            <properties />
            <test-suite type="TestFixture" id="1235" name="Milestone1MenuProfileTests" fullname="Hollow.Tests.EditMode.Milestone1MenuProfileTests" classname="Hollow.Tests.EditMode.Milestone1MenuProfileTests" runstate="Runnable" testcasecount="7" result="Passed" start-time="2026-05-20 17:19:20Z" end-time="2026-05-20 17:19:20Z" duration="0.043246" total="7" passed="7" failed="0" inconclusive="0" skipped="0" asserts="0">
              <properties />
              <test-case id="1241" name="ArenaModeHandoffCarriesVisionOSMenuLaunchContext" fullname="Hollow.Tests.EditMode.Milestone1MenuProfileTests.ArenaModeHandoffCarriesVisionOSMenuLaunchContext" methodname="ArenaModeHandoffCarriesVisionOSMenuLaunchContext" classname="Hollow.Tests.EditMode.Milestone1MenuProfileTests" runstate="Runnable" seed="1118368189" result="Passed" start-time="2026-05-20 17:19:20Z" end-time="2026-05-20 17:19:20Z" duration="0.010496" asserts="0">
                <properties>
                  <property name="retryIteration" value="0" />
                  <property name="repeatIteration" value="0" />
                </properties>
              </test-case>
              <test-case id="1240" name="ContinueWithoutActiveRunLoadsSpaceshipInsteadOfStartingRun" fullname="Hollow.Tests.EditMode.Milestone1MenuProfileTests.ContinueWithoutActiveRunLoadsSpaceshipInsteadOfStartingRun" methodname="ContinueWithoutActiveRunLoadsSpaceshipInsteadOfStartingRun" classname="Hollow.Tests.EditMode.Milestone1MenuProfileTests" runstate="Runnable" seed="493417770" result="Passed" start-time="2026-05-20 17:19:20Z" end-time="2026-05-20 17:19:20Z" duration="0.013435" asserts="0">
                <properties>
                  <property name="retryIteration" value="0" />
                  <property name="repeatIteration" value="0" />
                </properties>
              </test-case>
              <test-case id="1237" name="JsonProfileStorePersistsCreatedProfile" fullname="Hollow.Tests.EditMode.Milestone1MenuProfileTests.JsonProfileStorePersistsCreatedProfile" methodname="JsonProfileStorePersistsCreatedProfile" classname="Hollow.Tests.EditMode.Milestone1MenuProfileTests" runstate="Runnable" seed="199239789" result="Passed" start-time="2026-05-20 17:19:20Z" end-time="2026-05-20 17:19:20Z" duration="0.001880" asserts="0">
                <properties>
                  <property name="retryIteration" value="0" />
                  <property name="repeatIteration" value="0" />
                </properties>
              </test-case>
              <test-case id="1236" name="JsonProfileStoreStartsWithThreeEmptySlots" fullname="Hollow.Tests.EditMode.Milestone1MenuProfileTests.JsonProfileStoreStartsWithThreeEmptySlots" methodname="JsonProfileStoreStartsWithThreeEmptySlots" classname="Hollow.Tests.EditMode.Milestone1MenuProfileTests" runstate="Runnable" seed="1682286285" result="Passed" start-time="2026-05-20 17:19:20Z" end-time="2026-05-20 17:19:20Z" duration="0.001019" asserts="0">
                <properties>
                  <property name="retryIteration" value="0" />
                  <property name="repeatIteration" value="0" />
                </properties>
              </test-case>
              <test-case id="1238" name="MainMenuViewModelCreatesProfileAndLaunchesAfterCharacterSelection" fullname="Hollow.Tests.EditMode.Milestone1MenuProfileTests.MainMenuViewModelCreatesProfileAndLaunchesAfterCharacterSelection" methodname="MainMenuViewModelCreatesProfileAndLaunchesAfterCharacterSelection" classname="Hollow.Tests.EditMode.Milestone1MenuProfileTests" runstate="Runnable" seed="863904747" result="Passed" start-time="2026-05-20 17:19:20Z" end-time="2026-05-20 17:19:20Z" duration="0.004100" asserts="0">
                <properties>
                  <property name="retryIteration" value="0" />
                  <property name="repeatIteration" value="0" />
                </properties>
              </test-case>
              <test-case id="1239" name="MainMenuViewModelVisionOSNormalRunLaunchesBoundedAfterCharacterSelection" fullname="Hollow.Tests.EditMode.Milestone1MenuProfileTests.MainMenuViewModelVisionOSNormalRunLaunchesBoundedAfterCharacterSelection" methodname="MainMenuViewModelVisionOSNormalRunLaunchesBoundedAfterCharacterSelection" classname="Hollow.Tests.EditMode.Milestone1MenuProfileTests" runstate="Runnable" seed="1438373391" result="Passed" start-time="2026-05-20 17:19:20Z" end-time="2026-05-20 17:19:20Z" duration="0.003905" asserts="0">
                <properties>
                  <property name="retryIteration" value="0" />
                  <property name="repeatIteration" value="0" />
                </properties>
              </test-case>
              <test-case id="1242" name="PlatformPresentationModeResolverMapsEveryM1Target" fullname="Hollow.Tests.EditMode.Milestone1MenuProfileTests.PlatformPresentationModeResolverMapsEveryM1Target" methodname="PlatformPresentationModeResolverMapsEveryM1Target" classname="Hollow.Tests.EditMode.Milestone1MenuProfileTests" runstate="Runnable" seed="633772571" result="Passed" start-time="2026-05-20 17:19:20Z" end-time="2026-05-20 17:19:20Z" duration="0.000303" asserts="0">
                <properties>
                  <property name="retryIteration" value="0" />
                  <property name="repeatIteration" value="0" />
                </properties>
                <output><![CDATA[Saving results to: /Users/martinjedrzejewski/Library/Application Support/DefaultCompany/Hollow Soul/TestResults.xml
]]></output>
              </test-case>
            </test-suite>
          </test-suite>
        </test-suite>
      </test-suite>
    </test-suite>
  </test-suite>
</test-run>