<?xml version="1.0" encoding="utf-8"?>
<test-run id="2" testcasecount="7" result="Passed" total="7" passed="7" failed="0" inconclusive="0" skipped="0" asserts="0" engine-version="3.5.0.0" clr-version="4.0.30319.42000" start-time="2026-05-20 17:18:59Z" end-time="2026-05-20 17:18:59Z" duration="0.0326619">
  <test-suite type="TestSuite" id="1000" name="Hollow Soul" fullname="Hollow Soul" runstate="Runnable" testcasecount="729" result="Passed" start-time="2026-05-20 17:18:59Z" end-time="2026-05-20 17:18:59Z" duration="0.032662" total="7" passed="7" failed="0" inconclusive="0" skipped="0" asserts="0">
    <properties>
      <property name="platform" value="EditMode" />
    </properties>
    <test-suite type="Assembly" id="1848" name="Hollow.Tests.EditMode.dll" fullname="/Users/martinjedrzejewski/Documents/GitHub/Unity/Hollow Soul - Unity/Library/ScriptAssemblies/Hollow.Tests.EditMode.dll" runstate="Runnable" testcasecount="728" result="Passed" start-time="2026-05-20 17:18:59Z" end-time="2026-05-20 17:18:59Z" duration="0.028281" total="7" passed="7" failed="0" inconclusive="0" skipped="0" asserts="0">
      <properties>
        <property name="_PID" value="7468" />
        <property name="_APPDOMAIN" value="Unity Child Domain" />
        <property name="platform" value="EditMode" />
        <property name="EditorOnly" value="True" />
      </properties>
      <test-suite type="TestSuite" id="1849" name="Hollow" fullname="Hollow" runstate="Runnable" testcasecount="728" result="Passed" start-time="2026-05-20 17:18:59Z" end-time="2026-05-20 17:18:59Z" duration="0.027493" total="7" passed="7" failed="0" inconclusive="0" skipped="0" asserts="0">
        <properties />
        <test-suite type="TestSuite" id="1850" name="Tests" fullname="Hollow.Tests" runstate="Runnable" testcasecount="728" result="Passed" start-time="2026-05-20 17:18:59Z" end-time="2026-05-20 17:18:59Z" duration="0.026932" total="7" passed="7" failed="0" inconclusive="0" skipped="0" asserts="0">
          <properties />
          <test-suite type="TestSuite" id="1851" name="EditMode" fullname="Hollow.Tests.EditMode" runstate="Runnable" testcasecount="728" result="Passed" start-time="2026-05-20 17:18:59Z" end-time="2026-05-20 17:18:59Z" duration="0.026418" total="7" passed="7" failed="0" inconclusive="0" skipped="0" asserts="0">
            <properties />
            <test-suite type="TestFixture" id="1052" name="Milestone0FoundationTests" fullname="Hollow.Tests.EditMode.Milestone0FoundationTests" classname="Hollow.Tests.EditMode.Milestone0FoundationTests" runstate="Runnable" testcasecount="7" result="Passed" start-time="2026-05-20 17:18:59Z" end-time="2026-05-20 17:18:59Z" duration="0.016626" total="7" passed="7" failed="0" inconclusive="0" skipped="0" asserts="0">
              <properties />
              <test-case id="1054" name="AppStateMachineTransitionsBetweenRoutes" fullname="Hollow.Tests.EditMode.Milestone0FoundationTests.AppStateMachineTransitionsBetweenRoutes" methodname="AppStateMachineTransitionsBetweenRoutes" classname="Hollow.Tests.EditMode.Milestone0FoundationTests" runstate="Runnable" seed="791014523" result="Passed" start-time="2026-05-20 17:18:59Z" end-time="2026-05-20 17:18:59Z" duration="0.007359" asserts="0">
                <properties>
                  <property name="retryIteration" value="0" />
                  <property name="repeatIteration" value="0" />
                </properties>
              </test-case>
              <test-case id="1057" name="BootKeepsMainMenuRouteOutsideVisionOS" fullname="Hollow.Tests.EditMode.Milestone0FoundationTests.BootKeepsMainMenuRouteOutsideVisionOS" methodname="BootKeepsMainMenuRouteOutsideVisionOS" classname="Hollow.Tests.EditMode.Milestone0FoundationTests" runstate="Runnable" seed="703546290" result="Passed" start-time="2026-05-20 17:18:59Z" end-time="2026-05-20 17:18:59Z" duration="0.000194" asserts="0">
                <properties>
                  <property name="retryIteration" value="0" />
                  <property name="repeatIteration" value="0" />
                </properties>
              </test-case>
              <test-case id="1056" name="BootRoutesVisionOSRuntimeToGuidedMenu" fullname="Hollow.Tests.EditMode.Milestone0FoundationTests.BootRoutesVisionOSRuntimeToGuidedMenu" methodname="BootRoutesVisionOSRuntimeToGuidedMenu" classname="Hollow.Tests.EditMode.Milestone0FoundationTests" runstate="Runnable" seed="183987506" result="Passed" start-time="2026-05-20 17:18:59Z" end-time="2026-05-20 17:18:59Z" duration="0.000055" asserts="0">
                <properties>
                  <property name="retryIteration" value="0" />
                  <property name="repeatIteration" value="0" />
                </properties>
              </test-case>
              <test-case id="1053" name="HollowIdPreservesStableStringValue" fullname="Hollow.Tests.EditMode.Milestone0FoundationTests.HollowIdPreservesStableStringValue" methodname="HollowIdPreservesStableStringValue" classname="Hollow.Tests.EditMode.Milestone0FoundationTests" runstate="Runnable" seed="1104682361" result="Passed" start-time="2026-05-20 17:18:59Z" end-time="2026-05-20 17:18:59Z" duration="0.000287" asserts="0">
                <properties>
                  <property name="retryIteration" value="0" />
                  <property name="repeatIteration" value="0" />
                </properties>
              </test-case>
              <test-case id="1059" name="Milestone0SmokeReportPasses" fullname="Hollow.Tests.EditMode.Milestone0FoundationTests.Milestone0SmokeReportPasses" methodname="Milestone0SmokeReportPasses" classname="Hollow.Tests.EditMode.Milestone0FoundationTests" runstate="Runnable" seed="1606456201" result="Passed" start-time="2026-05-20 17:18:59Z" end-time="2026-05-20 17:18:59Z" duration="0.000147" asserts="0">
                <properties>
                  <property name="retryIteration" value="0" />
                  <property name="repeatIteration" value="0" />
                </properties>
              </test-case>
              <test-case id="1058" name="PlatformServicesExposeExpectedCapabilities" fullname="Hollow.Tests.EditMode.Milestone0FoundationTests.PlatformServicesExposeExpectedCapabilities" methodname="PlatformServicesExposeExpectedCapabilities" classname="Hollow.Tests.EditMode.Milestone0FoundationTests" runstate="Runnable" seed="2058856964" result="Passed" start-time="2026-05-20 17:18:59Z" end-time="2026-05-20 17:18:59Z" duration="0.000112" asserts="0">
                <properties>
                  <property name="retryIteration" value="0" />
                  <property name="repeatIteration" value="0" />
                </properties>
              </test-case>
              <test-case id="1055" name="SceneLoaderMapsPlatformRoutesToSceneNames" fullname="Hollow.Tests.EditMode.Milestone0FoundationTests.SceneLoaderMapsPlatformRoutesToSceneNames" methodname="SceneLoaderMapsPlatformRoutesToSceneNames" classname="Hollow.Tests.EditMode.Milestone0FoundationTests" runstate="Runnable" seed="1516591773" result="Passed" start-time="2026-05-20 17:18:59Z" end-time="2026-05-20 17:18:59Z" duration="0.000169" asserts="0">
                <properties>
                  <property name="retryIteration" value="0" />
                  <property name="repeatIteration" value="0" />
                </properties>
                <output><![CDATA[Saving results to: /Users/martinjedrzejewski/Library/Application Support/DefaultCompany/Hollow Soul/TestResults.xml
]]></output>
              </test-case>
            </test-suite>
          </test-suite>
        </test-suite>
      </test-suite>
    </test-suite>
  </test-suite>
</test-run>